Arguments: 
  /usr/local/bin/node /usr/local/Cellar/yarn/1.16.0/libexec/bin/yarn.js add graphql-yaga

PATH: 
  /usr/local/Cellar/mongodb-community/4.0.10/bin:/usr/local/bin:/usr/bin:/bin:/usr/sbin:/sbin:/Library/Apple/usr/bin:/Library/Apple/bin:/opt/X11/bin:/Library/Frameworks/Mono.framework/Versions/Current/Commands:/usr/local/Cellar/mongodb-community/4.0.10/bin

Yarn version: 
  1.16.0

Node version: 
  12.3.1

Platform: 
  darwin x64

Trace: 
  Error: https://registry.yarnpkg.com/graphql-yaga: Not found
      at Request.params.callback [as _callback] (/usr/local/Cellar/yarn/1.16.0/libexec/lib/cli.js:66091:18)
      at Request.self.callback (/usr/local/Cellar/yarn/1.16.0/libexec/lib/cli.js:129590:22)
      at Request.emit (events.js:200:13)
      at Request.<anonymous> (/usr/local/Cellar/yarn/1.16.0/libexec/lib/cli.js:130562:10)
      at Request.emit (events.js:200:13)
      at IncomingMessage.<anonymous> (/usr/local/Cellar/yarn/1.16.0/libexec/lib/cli.js:130484:12)
      at Object.onceWrapper (events.js:288:20)
      at IncomingMessage.emit (events.js:205:15)
      at endReadableNT (_stream_readable.js:1137:12)
      at processTicksAndRejections (internal/process/task_queues.js:84:9)

npm manifest: 
  {
    "name": "07-movieql",
    "version": "1.0.0",
    "description": "Movie API with Graghql",
    "main": "index.js",
    "repository": "https://github.com/louise-blackolive/07-movieql",
    "author": "Louise Blackolive",
    "license": "MIT"
  }

yarn manifest: 
  No manifest

Lockfile: 
  No lockfile
